2016-10-19 21:42:40,573 [Worker-28] INFO  o.e.m.c.i.p.ProjectConfigurationManager - Collecting project info '/pom.xml' /home/bharat/workspace/Firstmaven/pom.xml
2016-10-19 21:42:41,549 [Worker-28] INFO  o.e.m.c.i.l.LifecycleMappingFactory - Using org.maven.ide.eclipse.wtp.WarLifecycleMapping lifecycle mapping for MavenProject: com.bharatvision.saini:Firstmaven:0.0.1-SNAPSHOT @ /home/bharat/workspace/Firstmaven/pom.xml.
2016-10-19 21:42:42,921 [Worker-28] INFO  o.e.m.j.i.AbstractJavaProjectConfigurator - Adding source folder /Firstmaven/src/main/java
2016-10-19 21:42:42,922 [Worker-28] INFO  o.e.m.j.i.AbstractJavaProjectConfigurator - Adding resource folder /Firstmaven/src/main/resources
2016-10-19 21:42:42,923 [Worker-28] INFO  o.e.m.j.i.AbstractJavaProjectConfigurator - Adding source folder /Firstmaven/src/test/java
2016-10-19 21:42:43,495 [Worker-28] INFO  o.e.m.c.i.p.ProjectConfigurationManager - Imported and configured 1 project(s) in 2 sec
2016-10-19 21:42:43,944 [Worker-29] INFO  o.e.m.c.i.embedder.EclipseLogger - Using 'UTF-8' encoding to copy filtered resources.
2016-10-19 21:42:43,948 [Worker-29] INFO  o.e.m.c.i.embedder.EclipseLogger - Copying 0 resource
2016-10-19 21:42:43,951 [Worker-29] INFO  o.e.m.c.i.embedder.EclipseLogger - Using 'UTF-8' encoding to copy filtered resources.
2016-10-19 21:42:43,951 [Worker-29] INFO  o.e.m.c.i.embedder.EclipseLogger - skip non existing resourceDirectory /home/bharat/workspace/Firstmaven/src/test/resources
2016-10-19 21:42:45,180 [Worker-28] INFO  o.e.m.c.i.embedder.EclipseLogger - Using 'UTF-8' encoding to copy filtered resources.
2016-10-19 21:42:45,187 [Worker-28] INFO  o.e.m.c.i.embedder.EclipseLogger - Copying 0 resource
2016-10-19 21:42:45,192 [Worker-28] INFO  o.e.m.c.i.embedder.EclipseLogger - Using 'UTF-8' encoding to copy filtered resources.
2016-10-19 21:42:45,193 [Worker-28] INFO  o.e.m.c.i.embedder.EclipseLogger - skip non existing resourceDirectory /home/bharat/workspace/Firstmaven/src/test/resources
2016-10-19 22:11:50,953 [Worker-38] INFO  o.e.m.c.i.embedder.EclipseLogger - Using 'UTF-8' encoding to copy filtered resources.
2016-10-19 22:11:50,956 [Worker-38] INFO  o.e.m.c.i.embedder.EclipseLogger - Copying 0 resource
2016-10-19 22:11:50,968 [Worker-38] INFO  o.e.m.c.i.embedder.EclipseLogger - Using 'UTF-8' encoding to copy filtered resources.
2016-10-19 22:11:50,968 [Worker-38] INFO  o.e.m.c.i.embedder.EclipseLogger - skip non existing resourceDirectory /home/bharat/workspace/Firstmaven/src/test/resources
2016-10-19 22:11:52,031 [Worker-18] INFO  o.e.m.c.i.embedder.EclipseLogger - Using 'UTF-8' encoding to copy filtered resources.
2016-10-19 22:11:52,031 [Worker-18] INFO  o.e.m.c.i.embedder.EclipseLogger - Copying 0 resource
2016-10-19 22:11:52,032 [Worker-18] INFO  o.e.m.c.i.embedder.EclipseLogger - Using 'UTF-8' encoding to copy filtered resources.
2016-10-19 22:11:52,033 [Worker-18] INFO  o.e.m.c.i.embedder.EclipseLogger - skip non existing resourceDirectory /home/bharat/workspace/Firstmaven/src/test/resources
2016-10-19 22:14:52,698 [Worker-40] INFO  o.e.m.c.i.embedder.EclipseLogger - Using 'UTF-8' encoding to copy filtered resources.
2016-10-19 22:14:52,699 [Worker-40] INFO  o.e.m.c.i.embedder.EclipseLogger - Copying 0 resource
2016-10-19 22:14:52,700 [Worker-40] INFO  o.e.m.c.i.embedder.EclipseLogger - Using 'UTF-8' encoding to copy filtered resources.
2016-10-19 22:14:52,700 [Worker-40] INFO  o.e.m.c.i.embedder.EclipseLogger - skip non existing resourceDirectory /home/bharat/workspace/Firstmaven/src/test/resources
2016-10-20 00:13:37,407 [Worker-65] INFO  o.e.m.c.i.embedder.EclipseLogger - Using 'UTF-8' encoding to copy filtered resources.
2016-10-20 00:13:37,407 [Worker-65] INFO  o.e.m.c.i.embedder.EclipseLogger - Copying 0 resource
2016-10-20 00:13:37,408 [Worker-65] INFO  o.e.m.c.i.embedder.EclipseLogger - Using 'UTF-8' encoding to copy filtered resources.
2016-10-20 00:13:37,408 [Worker-65] INFO  o.e.m.c.i.embedder.EclipseLogger - skip non existing resourceDirectory /home/bharat/workspace/Firstmaven/src/test/resources
2016-10-20 00:18:30,285 [Worker-72] INFO  o.e.m.c.i.embedder.EclipseLogger - Using 'UTF-8' encoding to copy filtered resources.
2016-10-20 00:18:30,287 [Worker-72] INFO  o.e.m.c.i.embedder.EclipseLogger - Copying 0 resource
2016-10-20 00:18:30,288 [Worker-72] INFO  o.e.m.c.i.embedder.EclipseLogger - Using 'UTF-8' encoding to copy filtered resources.
2016-10-20 00:18:30,289 [Worker-72] INFO  o.e.m.c.i.embedder.EclipseLogger - skip non existing resourceDirectory /home/bharat/workspace/Firstmaven/src/test/resources
2016-10-20 00:22:42,586 [Worker-74] INFO  o.e.m.c.i.embedder.EclipseLogger - Using 'UTF-8' encoding to copy filtered resources.
2016-10-20 00:22:42,587 [Worker-74] INFO  o.e.m.c.i.embedder.EclipseLogger - Copying 0 resource
2016-10-20 00:22:42,595 [Worker-74] INFO  o.e.m.c.i.embedder.EclipseLogger - Using 'UTF-8' encoding to copy filtered resources.
2016-10-20 00:22:42,595 [Worker-74] INFO  o.e.m.c.i.embedder.EclipseLogger - skip non existing resourceDirectory /home/bharat/workspace/Firstmaven/src/test/resources
2016-10-20 00:24:16,005 [Worker-72] INFO  o.e.m.c.i.embedder.EclipseLogger - Using 'UTF-8' encoding to copy filtered resources.
2016-10-20 00:24:16,005 [Worker-72] INFO  o.e.m.c.i.embedder.EclipseLogger - Copying 0 resource
2016-10-20 00:24:16,006 [Worker-72] INFO  o.e.m.c.i.embedder.EclipseLogger - Using 'UTF-8' encoding to copy filtered resources.
2016-10-20 00:24:16,007 [Worker-72] INFO  o.e.m.c.i.embedder.EclipseLogger - skip non existing resourceDirectory /home/bharat/workspace/Firstmaven/src/test/resources
2016-10-20 00:24:43,698 [Worker-72] INFO  o.e.m.c.i.embedder.EclipseLogger - Using 'UTF-8' encoding to copy filtered resources.
2016-10-20 00:24:43,699 [Worker-72] INFO  o.e.m.c.i.embedder.EclipseLogger - Copying 0 resource
2016-10-20 00:24:43,702 [Worker-72] INFO  o.e.m.c.i.embedder.EclipseLogger - Using 'UTF-8' encoding to copy filtered resources.
2016-10-20 00:24:43,702 [Worker-72] INFO  o.e.m.c.i.embedder.EclipseLogger - skip non existing resourceDirectory /home/bharat/workspace/Firstmaven/src/test/resources
2016-10-20 00:26:03,062 [Worker-78] INFO  o.e.m.c.i.embedder.EclipseLogger - Using 'UTF-8' encoding to copy filtered resources.
2016-10-20 00:26:03,062 [Worker-78] INFO  o.e.m.c.i.embedder.EclipseLogger - Copying 0 resource
2016-10-20 00:26:03,063 [Worker-78] INFO  o.e.m.c.i.embedder.EclipseLogger - Using 'UTF-8' encoding to copy filtered resources.
2016-10-20 00:26:03,064 [Worker-78] INFO  o.e.m.c.i.embedder.EclipseLogger - skip non existing resourceDirectory /home/bharat/workspace/Firstmaven/src/test/resources
2016-10-20 00:28:12,487 [Worker-72] INFO  o.e.m.c.i.embedder.EclipseLogger - Using 'UTF-8' encoding to copy filtered resources.
2016-10-20 00:28:12,488 [Worker-72] INFO  o.e.m.c.i.embedder.EclipseLogger - Copying 0 resource
2016-10-20 00:28:12,490 [Worker-72] INFO  o.e.m.c.i.embedder.EclipseLogger - Using 'UTF-8' encoding to copy filtered resources.
2016-10-20 00:28:12,490 [Worker-72] INFO  o.e.m.c.i.embedder.EclipseLogger - skip non existing resourceDirectory /home/bharat/workspace/Firstmaven/src/test/resources
2016-10-20 00:33:39,766 [Worker-78] INFO  o.e.m.c.i.embedder.EclipseLogger - Using 'UTF-8' encoding to copy filtered resources.
2016-10-20 00:33:39,767 [Worker-78] INFO  o.e.m.c.i.embedder.EclipseLogger - Copying 0 resource
2016-10-20 00:33:39,771 [Worker-78] INFO  o.e.m.c.i.embedder.EclipseLogger - Using 'UTF-8' encoding to copy filtered resources.
2016-10-20 00:33:39,772 [Worker-78] INFO  o.e.m.c.i.embedder.EclipseLogger - skip non existing resourceDirectory /home/bharat/workspace/Firstmaven/src/test/resources
2016-10-20 00:33:42,689 [Worker-74] INFO  o.e.m.c.i.embedder.EclipseLogger - Using 'UTF-8' encoding to copy filtered resources.
2016-10-20 00:33:42,689 [Worker-74] INFO  o.e.m.c.i.embedder.EclipseLogger - Copying 0 resource
2016-10-20 00:33:42,690 [Worker-74] INFO  o.e.m.c.i.embedder.EclipseLogger - Using 'UTF-8' encoding to copy filtered resources.
2016-10-20 00:33:42,690 [Worker-74] INFO  o.e.m.c.i.embedder.EclipseLogger - skip non existing resourceDirectory /home/bharat/workspace/Firstmaven/src/test/resources
2016-10-20 00:35:00,284 [Worker-76] INFO  o.e.m.c.i.embedder.EclipseLogger - Using 'UTF-8' encoding to copy filtered resources.
2016-10-20 00:35:00,285 [Worker-76] INFO  o.e.m.c.i.embedder.EclipseLogger - Copying 0 resource
2016-10-20 00:35:00,286 [Worker-76] INFO  o.e.m.c.i.embedder.EclipseLogger - Using 'UTF-8' encoding to copy filtered resources.
2016-10-20 00:35:00,286 [Worker-76] INFO  o.e.m.c.i.embedder.EclipseLogger - skip non existing resourceDirectory /home/bharat/workspace/Firstmaven/src/test/resources
2016-10-20 00:38:14,686 [Worker-74] INFO  o.e.m.c.i.embedder.EclipseLogger - Using 'UTF-8' encoding to copy filtered resources.
2016-10-20 00:38:14,720 [Worker-74] INFO  o.e.m.c.i.embedder.EclipseLogger - Copying 0 resource
2016-10-20 00:38:14,721 [Worker-74] INFO  o.e.m.c.i.embedder.EclipseLogger - Using 'UTF-8' encoding to copy filtered resources.
2016-10-20 00:38:14,722 [Worker-74] INFO  o.e.m.c.i.embedder.EclipseLogger - skip non existing resourceDirectory /home/bharat/workspace/Firstmaven/src/test/resources
2016-10-20 00:43:01,396 [Worker-80] INFO  o.e.m.c.i.embedder.EclipseLogger - Using 'UTF-8' encoding to copy filtered resources.
2016-10-20 00:43:01,396 [Worker-80] INFO  o.e.m.c.i.embedder.EclipseLogger - Copying 0 resource
2016-10-20 00:43:01,397 [Worker-80] INFO  o.e.m.c.i.embedder.EclipseLogger - Using 'UTF-8' encoding to copy filtered resources.
2016-10-20 00:43:01,397 [Worker-80] INFO  o.e.m.c.i.embedder.EclipseLogger - skip non existing resourceDirectory /home/bharat/workspace/Firstmaven/src/test/resources
2016-10-20 00:47:03,707 [Worker-72] INFO  o.e.m.c.i.embedder.EclipseLogger - Using 'UTF-8' encoding to copy filtered resources.
2016-10-20 00:47:03,708 [Worker-72] INFO  o.e.m.c.i.embedder.EclipseLogger - Copying 0 resource
2016-10-20 00:47:03,710 [Worker-72] INFO  o.e.m.c.i.embedder.EclipseLogger - Using 'UTF-8' encoding to copy filtered resources.
2016-10-20 00:47:03,710 [Worker-72] INFO  o.e.m.c.i.embedder.EclipseLogger - skip non existing resourceDirectory /home/bharat/workspace/Firstmaven/src/test/resources
2016-10-20 00:50:48,861 [Worker-86] INFO  o.e.m.c.i.embedder.EclipseLogger - Using 'UTF-8' encoding to copy filtered resources.
2016-10-20 00:50:48,862 [Worker-86] INFO  o.e.m.c.i.embedder.EclipseLogger - Copying 0 resource
2016-10-20 00:50:48,864 [Worker-86] INFO  o.e.m.c.i.embedder.EclipseLogger - Using 'UTF-8' encoding to copy filtered resources.
2016-10-20 00:50:48,864 [Worker-86] INFO  o.e.m.c.i.embedder.EclipseLogger - skip non existing resourceDirectory /home/bharat/workspace/Firstmaven/src/test/resources
2016-10-20 00:50:51,901 [Worker-85] INFO  o.e.m.c.i.embedder.EclipseLogger - Using 'UTF-8' encoding to copy filtered resources.
2016-10-20 00:50:51,902 [Worker-85] INFO  o.e.m.c.i.embedder.EclipseLogger - Copying 0 resource
2016-10-20 00:50:51,906 [Worker-85] INFO  o.e.m.c.i.embedder.EclipseLogger - Using 'UTF-8' encoding to copy filtered resources.
2016-10-20 00:50:51,907 [Worker-85] INFO  o.e.m.c.i.embedder.EclipseLogger - skip non existing resourceDirectory /home/bharat/workspace/Firstmaven/src/test/resources
2016-10-20 00:53:40,530 [Worker-86] INFO  o.e.m.c.i.embedder.EclipseLogger - Using 'UTF-8' encoding to copy filtered resources.
2016-10-20 00:53:40,530 [Worker-86] INFO  o.e.m.c.i.embedder.EclipseLogger - Copying 0 resource
2016-10-20 00:53:40,532 [Worker-86] INFO  o.e.m.c.i.embedder.EclipseLogger - Using 'UTF-8' encoding to copy filtered resources.
2016-10-20 00:53:40,532 [Worker-86] INFO  o.e.m.c.i.embedder.EclipseLogger - skip non existing resourceDirectory /home/bharat/workspace/Firstmaven/src/test/resources
2016-10-20 00:55:17,387 [Worker-94] INFO  o.e.m.c.i.embedder.EclipseLogger - Using 'UTF-8' encoding to copy filtered resources.
2016-10-20 00:55:17,387 [Worker-94] INFO  o.e.m.c.i.embedder.EclipseLogger - Copying 0 resource
2016-10-20 00:55:17,390 [Worker-94] INFO  o.e.m.c.i.embedder.EclipseLogger - Using 'UTF-8' encoding to copy filtered resources.
2016-10-20 00:55:17,390 [Worker-94] INFO  o.e.m.c.i.embedder.EclipseLogger - skip non existing resourceDirectory /home/bharat/workspace/Firstmaven/src/test/resources
2016-10-20 00:57:50,508 [Worker-93] INFO  o.e.m.c.i.embedder.EclipseLogger - Using 'UTF-8' encoding to copy filtered resources.
2016-10-20 00:57:50,509 [Worker-93] INFO  o.e.m.c.i.embedder.EclipseLogger - Copying 0 resource
2016-10-20 00:57:50,510 [Worker-93] INFO  o.e.m.c.i.embedder.EclipseLogger - Using 'UTF-8' encoding to copy filtered resources.
2016-10-20 00:57:50,510 [Worker-93] INFO  o.e.m.c.i.embedder.EclipseLogger - skip non existing resourceDirectory /home/bharat/workspace/Firstmaven/src/test/resources
2016-10-20 09:46:21,086 [Worker-111] INFO  o.e.m.c.i.embedder.EclipseLogger - Using 'UTF-8' encoding to copy filtered resources.
2016-10-20 09:46:21,087 [Worker-111] INFO  o.e.m.c.i.embedder.EclipseLogger - Copying 0 resource
2016-10-20 09:46:21,088 [Worker-111] INFO  o.e.m.c.i.embedder.EclipseLogger - Using 'UTF-8' encoding to copy filtered resources.
2016-10-20 09:46:21,088 [Worker-111] INFO  o.e.m.c.i.embedder.EclipseLogger - skip non existing resourceDirectory /home/bharat/workspace/Firstmaven/src/test/resources
2016-10-20 09:51:46,451 [Worker-125] INFO  o.e.m.c.i.embedder.EclipseLogger - Using 'UTF-8' encoding to copy filtered resources.
2016-10-20 09:51:46,451 [Worker-125] INFO  o.e.m.c.i.embedder.EclipseLogger - Copying 0 resource
2016-10-20 09:51:46,452 [Worker-125] INFO  o.e.m.c.i.embedder.EclipseLogger - Using 'UTF-8' encoding to copy filtered resources.
2016-10-20 09:51:46,452 [Worker-125] INFO  o.e.m.c.i.embedder.EclipseLogger - skip non existing resourceDirectory /home/bharat/workspace/Firstmaven/src/test/resources
2016-10-20 09:52:43,426 [Worker-127] INFO  o.e.m.c.i.embedder.EclipseLogger - Using 'UTF-8' encoding to copy filtered resources.
2016-10-20 09:52:43,426 [Worker-127] INFO  o.e.m.c.i.embedder.EclipseLogger - Copying 0 resource
2016-10-20 09:52:43,427 [Worker-127] INFO  o.e.m.c.i.embedder.EclipseLogger - Using 'UTF-8' encoding to copy filtered resources.
2016-10-20 09:52:43,427 [Worker-127] INFO  o.e.m.c.i.embedder.EclipseLogger - skip non existing resourceDirectory /home/bharat/workspace/Firstmaven/src/test/resources
2016-10-20 09:59:41,369 [Worker-130] INFO  o.e.m.c.i.embedder.EclipseLogger - Using 'UTF-8' encoding to copy filtered resources.
2016-10-20 09:59:41,370 [Worker-130] INFO  o.e.m.c.i.embedder.EclipseLogger - Copying 0 resource
2016-10-20 09:59:41,374 [Worker-130] INFO  o.e.m.c.i.embedder.EclipseLogger - Using 'UTF-8' encoding to copy filtered resources.
2016-10-20 09:59:41,374 [Worker-130] INFO  o.e.m.c.i.embedder.EclipseLogger - skip non existing resourceDirectory /home/bharat/workspace/Firstmaven/src/test/resources
2016-10-20 10:00:49,275 [Worker-130] INFO  o.e.m.c.i.embedder.EclipseLogger - Using 'UTF-8' encoding to copy filtered resources.
2016-10-20 10:00:49,276 [Worker-130] INFO  o.e.m.c.i.embedder.EclipseLogger - Copying 0 resource
2016-10-20 10:00:49,279 [Worker-130] INFO  o.e.m.c.i.embedder.EclipseLogger - Using 'UTF-8' encoding to copy filtered resources.
2016-10-20 10:00:49,279 [Worker-130] INFO  o.e.m.c.i.embedder.EclipseLogger - skip non existing resourceDirectory /home/bharat/workspace/Firstmaven/src/test/resources
2016-10-20 10:15:59,433 [Worker-111] INFO  o.e.m.c.i.embedder.EclipseLogger - Using 'UTF-8' encoding to copy filtered resources.
2016-10-20 10:15:59,434 [Worker-111] INFO  o.e.m.c.i.embedder.EclipseLogger - Copying 0 resource
2016-10-20 10:15:59,438 [Worker-111] INFO  o.e.m.c.i.embedder.EclipseLogger - Using 'UTF-8' encoding to copy filtered resources.
2016-10-20 10:15:59,440 [Worker-111] INFO  o.e.m.c.i.embedder.EclipseLogger - skip non existing resourceDirectory /home/bharat/workspace/Firstmaven/src/test/resources
2016-10-20 10:16:27,418 [Worker-124] INFO  o.e.m.c.i.embedder.EclipseLogger - Using 'UTF-8' encoding to copy filtered resources.
2016-10-20 10:16:27,419 [Worker-124] INFO  o.e.m.c.i.embedder.EclipseLogger - Copying 0 resource
2016-10-20 10:16:27,420 [Worker-124] INFO  o.e.m.c.i.embedder.EclipseLogger - Using 'UTF-8' encoding to copy filtered resources.
2016-10-20 10:16:27,420 [Worker-124] INFO  o.e.m.c.i.embedder.EclipseLogger - skip non existing resourceDirectory /home/bharat/workspace/Firstmaven/src/test/resources
2016-10-20 10:16:33,963 [Worker-111] INFO  o.e.m.c.i.embedder.EclipseLogger - Using 'UTF-8' encoding to copy filtered resources.
2016-10-20 10:16:33,964 [Worker-111] INFO  o.e.m.c.i.embedder.EclipseLogger - Copying 0 resource
2016-10-20 10:16:33,967 [Worker-111] INFO  o.e.m.c.i.embedder.EclipseLogger - Using 'UTF-8' encoding to copy filtered resources.
2016-10-20 10:16:33,968 [Worker-111] INFO  o.e.m.c.i.embedder.EclipseLogger - skip non existing resourceDirectory /home/bharat/workspace/Firstmaven/src/test/resources
2016-10-20 10:19:27,125 [Worker-133] INFO  o.e.m.c.i.embedder.EclipseLogger - Using 'UTF-8' encoding to copy filtered resources.
2016-10-20 10:19:27,125 [Worker-133] INFO  o.e.m.c.i.embedder.EclipseLogger - Copying 0 resource
2016-10-20 10:19:27,126 [Worker-133] INFO  o.e.m.c.i.embedder.EclipseLogger - Using 'UTF-8' encoding to copy filtered resources.
2016-10-20 10:19:27,126 [Worker-133] INFO  o.e.m.c.i.embedder.EclipseLogger - skip non existing resourceDirectory /home/bharat/workspace/Firstmaven/src/test/resources
2016-10-20 10:20:22,990 [Worker-128] INFO  o.e.m.c.i.embedder.EclipseLogger - Using 'UTF-8' encoding to copy filtered resources.
2016-10-20 10:20:22,991 [Worker-128] INFO  o.e.m.c.i.embedder.EclipseLogger - Copying 0 resource
2016-10-20 10:20:22,992 [Worker-128] INFO  o.e.m.c.i.embedder.EclipseLogger - Using 'UTF-8' encoding to copy filtered resources.
2016-10-20 10:20:22,993 [Worker-128] INFO  o.e.m.c.i.embedder.EclipseLogger - skip non existing resourceDirectory /home/bharat/workspace/Firstmaven/src/test/resources
2016-10-20 11:34:39,788 [Worker-138] INFO  o.e.m.c.i.embedder.EclipseLogger - Using 'UTF-8' encoding to copy filtered resources.
2016-10-20 11:34:39,789 [Worker-138] INFO  o.e.m.c.i.embedder.EclipseLogger - Copying 0 resource
2016-10-20 11:34:39,790 [Worker-138] INFO  o.e.m.c.i.embedder.EclipseLogger - Using 'UTF-8' encoding to copy filtered resources.
2016-10-20 11:34:39,790 [Worker-138] INFO  o.e.m.c.i.embedder.EclipseLogger - skip non existing resourceDirectory /home/bharat/workspace/Firstmaven/src/test/resources
2016-10-20 11:39:39,398 [Worker-145] INFO  o.e.m.c.i.embedder.EclipseLogger - Using 'UTF-8' encoding to copy filtered resources.
2016-10-20 11:39:39,398 [Worker-145] INFO  o.e.m.c.i.embedder.EclipseLogger - Copying 0 resource
2016-10-20 11:39:39,399 [Worker-145] INFO  o.e.m.c.i.embedder.EclipseLogger - Using 'UTF-8' encoding to copy filtered resources.
2016-10-20 11:39:39,400 [Worker-145] INFO  o.e.m.c.i.embedder.EclipseLogger - skip non existing resourceDirectory /home/bharat/workspace/Firstmaven/src/test/resources
2016-10-20 11:39:46,732 [Worker-142] INFO  o.e.m.c.i.embedder.EclipseLogger - Using 'UTF-8' encoding to copy filtered resources.
2016-10-20 11:39:46,733 [Worker-142] INFO  o.e.m.c.i.embedder.EclipseLogger - Copying 0 resource
2016-10-20 11:39:46,736 [Worker-142] INFO  o.e.m.c.i.embedder.EclipseLogger - Using 'UTF-8' encoding to copy filtered resources.
2016-10-20 11:39:46,736 [Worker-142] INFO  o.e.m.c.i.embedder.EclipseLogger - skip non existing resourceDirectory /home/bharat/workspace/Firstmaven/src/test/resources
2016-10-20 11:41:34,765 [Worker-135] INFO  o.e.m.c.i.embedder.EclipseLogger - Using 'UTF-8' encoding to copy filtered resources.
2016-10-20 11:41:34,765 [Worker-135] INFO  o.e.m.c.i.embedder.EclipseLogger - Copying 0 resource
2016-10-20 11:41:34,766 [Worker-135] INFO  o.e.m.c.i.embedder.EclipseLogger - Using 'UTF-8' encoding to copy filtered resources.
2016-10-20 11:41:34,766 [Worker-135] INFO  o.e.m.c.i.embedder.EclipseLogger - skip non existing resourceDirectory /home/bharat/workspace/Firstmaven/src/test/resources
2016-10-20 11:42:16,268 [Worker-135] INFO  o.e.m.c.i.embedder.EclipseLogger - Using 'UTF-8' encoding to copy filtered resources.
2016-10-20 11:42:16,269 [Worker-135] INFO  o.e.m.c.i.embedder.EclipseLogger - Copying 0 resource
2016-10-20 11:42:16,270 [Worker-135] INFO  o.e.m.c.i.embedder.EclipseLogger - Using 'UTF-8' encoding to copy filtered resources.
2016-10-20 11:42:16,270 [Worker-135] INFO  o.e.m.c.i.embedder.EclipseLogger - skip non existing resourceDirectory /home/bharat/workspace/Firstmaven/src/test/resources
2016-10-20 11:42:59,780 [Worker-135] INFO  o.e.m.c.i.embedder.EclipseLogger - Using 'UTF-8' encoding to copy filtered resources.
2016-10-20 11:42:59,780 [Worker-135] INFO  o.e.m.c.i.embedder.EclipseLogger - Copying 0 resource
2016-10-20 11:42:59,781 [Worker-135] INFO  o.e.m.c.i.embedder.EclipseLogger - Using 'UTF-8' encoding to copy filtered resources.
2016-10-20 11:42:59,781 [Worker-135] INFO  o.e.m.c.i.embedder.EclipseLogger - skip non existing resourceDirectory /home/bharat/workspace/Firstmaven/src/test/resources
2016-10-20 12:57:08,391 [Worker-149] INFO  o.e.m.c.i.embedder.EclipseLogger - Using 'UTF-8' encoding to copy filtered resources.
2016-10-20 12:57:08,392 [Worker-149] INFO  o.e.m.c.i.embedder.EclipseLogger - Copying 0 resource
2016-10-20 12:57:08,395 [Worker-149] INFO  o.e.m.c.i.embedder.EclipseLogger - Using 'UTF-8' encoding to copy filtered resources.
2016-10-20 12:57:08,395 [Worker-149] INFO  o.e.m.c.i.embedder.EclipseLogger - skip non existing resourceDirectory /home/bharat/workspace/Firstmaven/src/test/resources
2016-10-20 13:00:15,013 [Worker-151] INFO  o.e.m.c.i.embedder.EclipseLogger - Using 'UTF-8' encoding to copy filtered resources.
2016-10-20 13:00:15,014 [Worker-151] INFO  o.e.m.c.i.embedder.EclipseLogger - Copying 0 resource
2016-10-20 13:00:15,015 [Worker-151] INFO  o.e.m.c.i.embedder.EclipseLogger - Using 'UTF-8' encoding to copy filtered resources.
2016-10-20 13:00:15,015 [Worker-151] INFO  o.e.m.c.i.embedder.EclipseLogger - skip non existing resourceDirectory /home/bharat/workspace/Firstmaven/src/test/resources
2016-10-20 13:00:52,187 [Worker-151] INFO  o.e.m.c.i.embedder.EclipseLogger - Using 'UTF-8' encoding to copy filtered resources.
2016-10-20 13:00:52,188 [Worker-151] INFO  o.e.m.c.i.embedder.EclipseLogger - Copying 0 resource
2016-10-20 13:00:52,191 [Worker-151] INFO  o.e.m.c.i.embedder.EclipseLogger - Using 'UTF-8' encoding to copy filtered resources.
2016-10-20 13:00:52,191 [Worker-151] INFO  o.e.m.c.i.embedder.EclipseLogger - skip non existing resourceDirectory /home/bharat/workspace/Firstmaven/src/test/resources
2016-10-20 13:12:01,818 [Worker-151] INFO  o.e.m.c.i.l.LifecycleMappingFactory - Using org.maven.ide.eclipse.wtp.WarLifecycleMapping lifecycle mapping for MavenProject: com.bharatvision.saini:Firstmaven:0.0.1-SNAPSHOT @ /home/bharat/workspace/Firstmaven/pom.xml.
2016-10-20 13:12:04,167 [Worker-151] INFO  o.e.m.c.i.e.AbstractTransferListenerAdapter - Downloading https://repo.maven.apache.org/maven2/org/glassfish/jersey/media/jersey-media-moxy/2.23.2/jersey-media-moxy-2.23.2.pom
2016-10-20 13:12:04,450 [Worker-151] INFO  o.e.m.c.i.e.AbstractTransferListenerAdapter - Downloaded https://repo.maven.apache.org/maven2/org/glassfish/jersey/media/jersey-media-moxy/2.23.2/jersey-media-moxy-2.23.2.pom
2016-10-20 13:12:04,760 [Worker-151] INFO  o.e.m.c.i.e.AbstractTransferListenerAdapter - Downloading https://repo.maven.apache.org/maven2/org/glassfish/jersey/ext/jersey-entity-filtering/2.23.2/jersey-entity-filtering-2.23.2.pom
2016-10-20 13:12:05,024 [Worker-151] INFO  o.e.m.c.i.e.AbstractTransferListenerAdapter - Downloaded https://repo.maven.apache.org/maven2/org/glassfish/jersey/ext/jersey-entity-filtering/2.23.2/jersey-entity-filtering-2.23.2.pom
2016-10-20 13:12:05,290 [Worker-151] INFO  o.e.m.c.i.e.AbstractTransferListenerAdapter - Downloading https://repo.maven.apache.org/maven2/org/glassfish/jersey/ext/project/2.23.2/project-2.23.2.pom
2016-10-20 13:12:05,554 [Worker-151] INFO  o.e.m.c.i.e.AbstractTransferListenerAdapter - Downloaded https://repo.maven.apache.org/maven2/org/glassfish/jersey/ext/project/2.23.2/project-2.23.2.pom
2016-10-20 13:12:05,821 [Worker-151] INFO  o.e.m.c.i.e.AbstractTransferListenerAdapter - Downloading https://repo.maven.apache.org/maven2/org/eclipse/persistence/org.eclipse.persistence.moxy/2.6.0/org.eclipse.persistence.moxy-2.6.0.pom
2016-10-20 13:12:06,082 [Worker-151] INFO  o.e.m.c.i.e.AbstractTransferListenerAdapter - Downloaded https://repo.maven.apache.org/maven2/org/eclipse/persistence/org.eclipse.persistence.moxy/2.6.0/org.eclipse.persistence.moxy-2.6.0.pom
2016-10-20 13:12:06,342 [Worker-151] INFO  o.e.m.c.i.e.AbstractTransferListenerAdapter - Downloading https://repo.maven.apache.org/maven2/org/eclipse/persistence/org.eclipse.persistence.core/2.6.0/org.eclipse.persistence.core-2.6.0.pom
2016-10-20 13:12:06,603 [Worker-151] INFO  o.e.m.c.i.e.AbstractTransferListenerAdapter - Downloaded https://repo.maven.apache.org/maven2/org/eclipse/persistence/org.eclipse.persistence.core/2.6.0/org.eclipse.persistence.core-2.6.0.pom
2016-10-20 13:12:06,900 [Worker-151] INFO  o.e.m.c.i.e.AbstractTransferListenerAdapter - Downloading https://repo.maven.apache.org/maven2/org/eclipse/persistence/org.eclipse.persistence.asm/2.6.0/org.eclipse.persistence.asm-2.6.0.pom
2016-10-20 13:12:07,162 [Worker-151] INFO  o.e.m.c.i.e.AbstractTransferListenerAdapter - Downloaded https://repo.maven.apache.org/maven2/org/eclipse/persistence/org.eclipse.persistence.asm/2.6.0/org.eclipse.persistence.asm-2.6.0.pom
2016-10-20 13:12:07,421 [Worker-151] INFO  o.e.m.c.i.e.AbstractTransferListenerAdapter - Downloading https://repo.maven.apache.org/maven2/org/glassfish/javax.json/1.0.4/javax.json-1.0.4.pom
2016-10-20 13:12:07,762 [Worker-151] INFO  o.e.m.c.i.e.AbstractTransferListenerAdapter - Downloaded https://repo.maven.apache.org/maven2/org/glassfish/javax.json/1.0.4/javax.json-1.0.4.pom
2016-10-20 13:12:08,023 [Worker-151] INFO  o.e.m.c.i.e.AbstractTransferListenerAdapter - Downloading https://repo.maven.apache.org/maven2/org/glassfish/json/1.0.4/json-1.0.4.pom
2016-10-20 13:12:08,333 [Worker-151] INFO  o.e.m.c.i.e.AbstractTransferListenerAdapter - Downloaded https://repo.maven.apache.org/maven2/org/glassfish/json/1.0.4/json-1.0.4.pom
2016-10-20 13:12:08,613 [Worker-151] INFO  o.e.m.c.i.e.AbstractTransferListenerAdapter - Downloading https://repo.maven.apache.org/maven2/org/glassfish/jersey/media/jersey-media-moxy/2.23.2/jersey-media-moxy-2.23.2.jar
2016-10-20 13:12:09,130 [Worker-151] INFO  o.e.m.c.i.e.AbstractTransferListenerAdapter - Downloaded https://repo.maven.apache.org/maven2/org/glassfish/jersey/media/jersey-media-moxy/2.23.2/jersey-media-moxy-2.23.2.jar
2016-10-20 13:12:09,389 [Worker-151] INFO  o.e.m.c.i.e.AbstractTransferListenerAdapter - Downloading https://repo.maven.apache.org/maven2/org/glassfish/jersey/ext/jersey-entity-filtering/2.23.2/jersey-entity-filtering-2.23.2.jar
2016-10-20 13:12:09,968 [Worker-151] INFO  o.e.m.c.i.e.AbstractTransferListenerAdapter - Downloaded https://repo.maven.apache.org/maven2/org/glassfish/jersey/ext/jersey-entity-filtering/2.23.2/jersey-entity-filtering-2.23.2.jar
2016-10-20 13:12:10,227 [Worker-151] INFO  o.e.m.c.i.e.AbstractTransferListenerAdapter - Downloading https://repo.maven.apache.org/maven2/org/eclipse/persistence/org.eclipse.persistence.moxy/2.6.0/org.eclipse.persistence.moxy-2.6.0.jar
2016-10-20 13:12:12,276 [Worker-151] INFO  o.e.m.c.i.e.AbstractTransferListenerAdapter - Downloaded https://repo.maven.apache.org/maven2/org/eclipse/persistence/org.eclipse.persistence.moxy/2.6.0/org.eclipse.persistence.moxy-2.6.0.jar
2016-10-20 13:12:12,536 [Worker-151] INFO  o.e.m.c.i.e.AbstractTransferListenerAdapter - Downloading https://repo.maven.apache.org/maven2/org/eclipse/persistence/org.eclipse.persistence.core/2.6.0/org.eclipse.persistence.core-2.6.0.jar
2016-10-20 13:12:27,173 [Worker-151] INFO  o.e.m.c.i.e.AbstractTransferListenerAdapter - Downloaded https://repo.maven.apache.org/maven2/org/eclipse/persistence/org.eclipse.persistence.core/2.6.0/org.eclipse.persistence.core-2.6.0.jar
2016-10-20 13:12:27,434 [Worker-151] INFO  o.e.m.c.i.e.AbstractTransferListenerAdapter - Downloading https://repo.maven.apache.org/maven2/org/eclipse/persistence/org.eclipse.persistence.asm/2.6.0/org.eclipse.persistence.asm-2.6.0.jar
2016-10-20 13:12:28,580 [Worker-151] INFO  o.e.m.c.i.e.AbstractTransferListenerAdapter - Downloaded https://repo.maven.apache.org/maven2/org/eclipse/persistence/org.eclipse.persistence.asm/2.6.0/org.eclipse.persistence.asm-2.6.0.jar
2016-10-20 13:12:28,840 [Worker-151] INFO  o.e.m.c.i.e.AbstractTransferListenerAdapter - Downloading https://repo.maven.apache.org/maven2/org/glassfish/javax.json/1.0.4/javax.json-1.0.4.jar
2016-10-20 13:12:29,324 [Worker-151] INFO  o.e.m.c.i.e.AbstractTransferListenerAdapter - Downloaded https://repo.maven.apache.org/maven2/org/glassfish/javax.json/1.0.4/javax.json-1.0.4.jar
2016-10-20 13:12:30,945 [Worker-151] INFO  o.e.m.c.i.embedder.EclipseLogger - Using 'UTF-8' encoding to copy filtered resources.
2016-10-20 13:12:30,946 [Worker-151] INFO  o.e.m.c.i.embedder.EclipseLogger - Copying 0 resource
2016-10-20 13:12:30,957 [Worker-151] INFO  o.e.m.c.i.embedder.EclipseLogger - Using 'UTF-8' encoding to copy filtered resources.
2016-10-20 13:12:30,957 [Worker-151] INFO  o.e.m.c.i.embedder.EclipseLogger - skip non existing resourceDirectory /home/bharat/workspace/Firstmaven/src/test/resources
2016-10-20 13:12:30,958 [Worker-151] INFO  o.e.m.w.i.f.ResourceFilteringBuildParticipant - Changed resources require a complete clean of filtered resources of Firstmaven
2016-10-20 13:12:30,959 [Worker-151] INFO  o.e.m.w.i.f.ResourceFilteringBuildParticipant - Executing resource filtering for Firstmaven
2016-10-20 13:12:30,965 [Worker-151] INFO  o.e.m.c.i.embedder.EclipseLogger - Using 'UTF-8' encoding to copy filtered resources.
2016-10-20 13:12:31,531 [Worker-152] INFO  o.e.m.c.i.embedder.EclipseLogger - Using 'UTF-8' encoding to copy filtered resources.
2016-10-20 13:12:31,531 [Worker-152] INFO  o.e.m.c.i.embedder.EclipseLogger - Copying 0 resource
2016-10-20 13:12:31,532 [Worker-152] INFO  o.e.m.c.i.embedder.EclipseLogger - Using 'UTF-8' encoding to copy filtered resources.
2016-10-20 13:12:31,532 [Worker-152] INFO  o.e.m.c.i.embedder.EclipseLogger - skip non existing resourceDirectory /home/bharat/workspace/Firstmaven/src/test/resources
2016-10-20 13:12:36,635 [Worker-156] INFO  o.e.m.c.i.embedder.EclipseLogger - Using 'UTF-8' encoding to copy filtered resources.
2016-10-20 13:12:36,635 [Worker-156] INFO  o.e.m.c.i.embedder.EclipseLogger - Copying 0 resource
2016-10-20 13:12:36,636 [Worker-156] INFO  o.e.m.c.i.embedder.EclipseLogger - Using 'UTF-8' encoding to copy filtered resources.
2016-10-20 13:12:36,637 [Worker-156] INFO  o.e.m.c.i.embedder.EclipseLogger - skip non existing resourceDirectory /home/bharat/workspace/Firstmaven/src/test/resources
2016-10-20 15:44:03,158 [Worker-180] INFO  o.e.m.c.i.embedder.EclipseLogger - Using 'UTF-8' encoding to copy filtered resources.
2016-10-20 15:44:03,159 [Worker-180] INFO  o.e.m.c.i.embedder.EclipseLogger - Copying 0 resource
2016-10-20 15:44:03,160 [Worker-180] INFO  o.e.m.c.i.embedder.EclipseLogger - Using 'UTF-8' encoding to copy filtered resources.
2016-10-20 15:44:03,160 [Worker-180] INFO  o.e.m.c.i.embedder.EclipseLogger - skip non existing resourceDirectory /home/bharat/workspace/Firstmaven/src/test/resources
2016-10-20 16:23:30,450 [Worker-185] INFO  o.e.m.c.i.embedder.EclipseLogger - Using 'UTF-8' encoding to copy filtered resources.
2016-10-20 16:23:30,451 [Worker-185] INFO  o.e.m.c.i.embedder.EclipseLogger - Copying 0 resource
2016-10-20 16:23:30,453 [Worker-185] INFO  o.e.m.c.i.embedder.EclipseLogger - Using 'UTF-8' encoding to copy filtered resources.
2016-10-20 16:23:30,453 [Worker-185] INFO  o.e.m.c.i.embedder.EclipseLogger - skip non existing resourceDirectory /home/bharat/workspace/Firstmaven/src/test/resources
2016-10-20 16:33:27,861 [Worker-188] INFO  o.e.m.c.i.embedder.EclipseLogger - Using 'UTF-8' encoding to copy filtered resources.
2016-10-20 16:33:27,861 [Worker-188] INFO  o.e.m.c.i.embedder.EclipseLogger - Copying 0 resource
2016-10-20 16:33:27,862 [Worker-188] INFO  o.e.m.c.i.embedder.EclipseLogger - Using 'UTF-8' encoding to copy filtered resources.
2016-10-20 16:33:27,862 [Worker-188] INFO  o.e.m.c.i.embedder.EclipseLogger - skip non existing resourceDirectory /home/bharat/workspace/Firstmaven/src/test/resources
2016-10-20 16:33:35,986 [Worker-188] INFO  o.e.m.c.i.embedder.EclipseLogger - Using 'UTF-8' encoding to copy filtered resources.
2016-10-20 16:33:35,987 [Worker-188] INFO  o.e.m.c.i.embedder.EclipseLogger - Copying 0 resource
2016-10-20 16:33:35,989 [Worker-188] INFO  o.e.m.c.i.embedder.EclipseLogger - Using 'UTF-8' encoding to copy filtered resources.
2016-10-20 16:33:35,989 [Worker-188] INFO  o.e.m.c.i.embedder.EclipseLogger - skip non existing resourceDirectory /home/bharat/workspace/Firstmaven/src/test/resources
2016-10-21 06:58:43,354 [Worker-210] INFO  o.e.m.c.i.embedder.EclipseLogger - Using 'UTF-8' encoding to copy filtered resources.
2016-10-21 06:58:43,354 [Worker-210] INFO  o.e.m.c.i.embedder.EclipseLogger - Copying 0 resource
2016-10-21 06:58:43,358 [Worker-210] INFO  o.e.m.c.i.embedder.EclipseLogger - Using 'UTF-8' encoding to copy filtered resources.
2016-10-21 06:58:43,358 [Worker-210] INFO  o.e.m.c.i.embedder.EclipseLogger - skip non existing resourceDirectory /home/bharat/workspace/Firstmaven/src/test/resources
2016-10-21 07:50:59,604 [Worker-211] INFO  o.e.m.c.i.embedder.EclipseLogger - Using 'UTF-8' encoding to copy filtered resources.
2016-10-21 07:50:59,606 [Worker-211] INFO  o.e.m.c.i.embedder.EclipseLogger - Copying 0 resource
2016-10-21 07:50:59,607 [Worker-211] INFO  o.e.m.c.i.embedder.EclipseLogger - Using 'UTF-8' encoding to copy filtered resources.
2016-10-21 07:50:59,607 [Worker-211] INFO  o.e.m.c.i.embedder.EclipseLogger - skip non existing resourceDirectory /home/bharat/workspace/Firstmaven/src/test/resources
2016-10-21 07:51:19,746 [Worker-208] INFO  o.e.m.c.i.embedder.EclipseLogger - Using 'UTF-8' encoding to copy filtered resources.
2016-10-21 07:51:19,747 [Worker-208] INFO  o.e.m.c.i.embedder.EclipseLogger - Copying 0 resource
2016-10-21 07:51:19,748 [Worker-208] INFO  o.e.m.c.i.embedder.EclipseLogger - Using 'UTF-8' encoding to copy filtered resources.
2016-10-21 07:51:19,748 [Worker-208] INFO  o.e.m.c.i.embedder.EclipseLogger - skip non existing resourceDirectory /home/bharat/workspace/Firstmaven/src/test/resources
2016-10-21 10:24:40,714 [Worker-221] INFO  o.e.m.c.i.embedder.EclipseLogger - Using 'UTF-8' encoding to copy filtered resources.
2016-10-21 10:24:40,714 [Worker-221] INFO  o.e.m.c.i.embedder.EclipseLogger - Copying 0 resource
2016-10-21 10:24:40,715 [Worker-221] INFO  o.e.m.c.i.embedder.EclipseLogger - Using 'UTF-8' encoding to copy filtered resources.
2016-10-21 10:24:40,715 [Worker-221] INFO  o.e.m.c.i.embedder.EclipseLogger - skip non existing resourceDirectory /home/bharat/workspace/Firstmaven/src/test/resources
2016-10-21 13:56:29,351 [Worker-239] INFO  o.e.m.c.i.embedder.EclipseLogger - Using 'UTF-8' encoding to copy filtered resources.
2016-10-21 13:56:29,352 [Worker-239] INFO  o.e.m.c.i.embedder.EclipseLogger - Copying 0 resource
2016-10-21 13:56:29,353 [Worker-239] INFO  o.e.m.c.i.embedder.EclipseLogger - Using 'UTF-8' encoding to copy filtered resources.
2016-10-21 13:56:29,353 [Worker-239] INFO  o.e.m.c.i.embedder.EclipseLogger - skip non existing resourceDirectory /home/bharat/workspace/Firstmaven/src/test/resources
2016-10-21 14:01:23,148 [Worker-245] INFO  o.e.m.c.i.embedder.EclipseLogger - Using 'UTF-8' encoding to copy filtered resources.
2016-10-21 14:01:23,148 [Worker-245] INFO  o.e.m.c.i.embedder.EclipseLogger - Copying 0 resource
2016-10-21 14:01:23,149 [Worker-245] INFO  o.e.m.c.i.embedder.EclipseLogger - Using 'UTF-8' encoding to copy filtered resources.
2016-10-21 14:01:23,149 [Worker-245] INFO  o.e.m.c.i.embedder.EclipseLogger - skip non existing resourceDirectory /home/bharat/workspace/Firstmaven/src/test/resources
2016-10-21 14:05:22,426 [Worker-244] INFO  o.e.m.c.i.embedder.EclipseLogger - Using 'UTF-8' encoding to copy filtered resources.
2016-10-21 14:05:22,426 [Worker-244] INFO  o.e.m.c.i.embedder.EclipseLogger - Copying 0 resource
2016-10-21 14:05:22,427 [Worker-244] INFO  o.e.m.c.i.embedder.EclipseLogger - Using 'UTF-8' encoding to copy filtered resources.
2016-10-21 14:05:22,427 [Worker-244] INFO  o.e.m.c.i.embedder.EclipseLogger - skip non existing resourceDirectory /home/bharat/workspace/Firstmaven/src/test/resources
2016-10-21 14:05:44,204 [Worker-239] INFO  o.e.m.c.i.embedder.EclipseLogger - Using 'UTF-8' encoding to copy filtered resources.
2016-10-21 14:05:44,204 [Worker-239] INFO  o.e.m.c.i.embedder.EclipseLogger - Copying 0 resource
2016-10-21 14:05:44,205 [Worker-239] INFO  o.e.m.c.i.embedder.EclipseLogger - Using 'UTF-8' encoding to copy filtered resources.
2016-10-21 14:05:44,205 [Worker-239] INFO  o.e.m.c.i.embedder.EclipseLogger - skip non existing resourceDirectory /home/bharat/workspace/Firstmaven/src/test/resources
2016-10-21 18:23:02,946 [Worker-272] INFO  o.e.m.c.i.l.LifecycleMappingFactory - Using org.maven.ide.eclipse.wtp.WarLifecycleMapping lifecycle mapping for MavenProject: com.bharatvision.saini:Firstmaven:0.0.1-SNAPSHOT @ /home/bharat/workspace/Firstmaven/pom.xml.
2016-10-21 18:23:05,483 [Worker-272] INFO  o.e.m.c.i.e.AbstractTransferListenerAdapter - Downloading https://repo.maven.apache.org/maven2/org/mongodb/mongo-java-driver/2.13.3/mongo-java-driver-2.13.3.pom
2016-10-21 18:23:05,740 [Worker-272] INFO  o.e.m.c.i.e.AbstractTransferListenerAdapter - Downloaded https://repo.maven.apache.org/maven2/org/mongodb/mongo-java-driver/2.13.3/mongo-java-driver-2.13.3.pom
2016-10-21 18:23:06,011 [Worker-272] INFO  o.e.m.c.i.e.AbstractTransferListenerAdapter - Downloading https://repo.maven.apache.org/maven2/org/mongodb/mongo-java-driver/2.13.3/mongo-java-driver-2.13.3.jar
2016-10-21 18:23:08,909 [Worker-272] INFO  o.e.m.c.i.e.AbstractTransferListenerAdapter - Downloaded https://repo.maven.apache.org/maven2/org/mongodb/mongo-java-driver/2.13.3/mongo-java-driver-2.13.3.jar
2016-10-21 18:23:10,265 [Worker-272] INFO  o.e.m.c.i.embedder.EclipseLogger - Using 'UTF-8' encoding to copy filtered resources.
2016-10-21 18:23:10,267 [Worker-272] INFO  o.e.m.c.i.embedder.EclipseLogger - Copying 0 resource
2016-10-21 18:23:10,269 [Worker-272] INFO  o.e.m.c.i.embedder.EclipseLogger - Using 'UTF-8' encoding to copy filtered resources.
2016-10-21 18:23:10,269 [Worker-272] INFO  o.e.m.c.i.embedder.EclipseLogger - skip non existing resourceDirectory /home/bharat/workspace/Firstmaven/src/test/resources
2016-10-21 18:23:10,269 [Worker-272] INFO  o.e.m.w.i.f.ResourceFilteringBuildParticipant - Changed resources require a complete clean of filtered resources of Firstmaven
2016-10-21 18:23:10,270 [Worker-272] INFO  o.e.m.w.i.f.ResourceFilteringBuildParticipant - Executing resource filtering for Firstmaven
2016-10-21 18:23:10,274 [Worker-272] INFO  o.e.m.c.i.embedder.EclipseLogger - Using 'UTF-8' encoding to copy filtered resources.
2016-10-21 18:23:11,604 [Worker-271] INFO  o.e.m.c.i.embedder.EclipseLogger - Using 'UTF-8' encoding to copy filtered resources.
2016-10-21 18:23:11,605 [Worker-271] INFO  o.e.m.c.i.embedder.EclipseLogger - Copying 0 resource
2016-10-21 18:23:11,607 [Worker-271] INFO  o.e.m.c.i.embedder.EclipseLogger - Using 'UTF-8' encoding to copy filtered resources.
2016-10-21 18:23:11,608 [Worker-271] INFO  o.e.m.c.i.embedder.EclipseLogger - skip non existing resourceDirectory /home/bharat/workspace/Firstmaven/src/test/resources
2016-10-21 18:23:24,816 [Worker-270] INFO  o.e.m.c.i.embedder.EclipseLogger - Using 'UTF-8' encoding to copy filtered resources.
2016-10-21 18:23:24,816 [Worker-270] INFO  o.e.m.c.i.embedder.EclipseLogger - Copying 0 resource
2016-10-21 18:23:24,817 [Worker-270] INFO  o.e.m.c.i.embedder.EclipseLogger - Using 'UTF-8' encoding to copy filtered resources.
2016-10-21 18:23:24,817 [Worker-270] INFO  o.e.m.c.i.embedder.EclipseLogger - skip non existing resourceDirectory /home/bharat/workspace/Firstmaven/src/test/resources
2016-10-21 18:24:10,388 [Worker-9] INFO  o.e.m.c.i.embedder.EclipseLogger - Using 'UTF-8' encoding to copy filtered resources.
2016-10-21 18:24:10,407 [Worker-9] INFO  o.e.m.c.i.embedder.EclipseLogger - Copying 0 resource
2016-10-21 18:24:10,415 [Worker-9] INFO  o.e.m.c.i.embedder.EclipseLogger - Using 'UTF-8' encoding to copy filtered resources.
2016-10-21 18:24:10,415 [Worker-9] INFO  o.e.m.c.i.embedder.EclipseLogger - skip non existing resourceDirectory /home/bharat/workspace/Firstmaven/src/test/resources
2016-10-21 18:25:43,996 [Worker-17] INFO  o.e.m.c.i.l.LifecycleMappingFactory - Using org.maven.ide.eclipse.wtp.WarLifecycleMapping lifecycle mapping for MavenProject: com.bharatvision.saini:Firstmaven:0.0.1-SNAPSHOT @ /home/bharat/workspace/Firstmaven/pom.xml.
2016-10-21 18:25:46,974 [Worker-17] INFO  o.e.m.c.i.e.AbstractTransferListenerAdapter - Downloading https://repo.maven.apache.org/maven2/org/mongodb/bson/2.13.3/bson-2.13.3.pom
2016-10-21 18:25:47,265 [Worker-17] INFO  o.e.m.c.i.e.AbstractTransferListenerAdapter - Downloaded https://repo.maven.apache.org/maven2/org/mongodb/bson/2.13.3/bson-2.13.3.pom
2016-10-21 18:25:47,606 [Worker-17] INFO  o.e.m.c.i.e.AbstractTransferListenerAdapter - Downloading https://repo.maven.apache.org/maven2/org/mongodb/bson/2.13.3/bson-2.13.3.jar
2016-10-21 18:25:48,632 [Worker-17] INFO  o.e.m.c.i.e.AbstractTransferListenerAdapter - Downloaded https://repo.maven.apache.org/maven2/org/mongodb/bson/2.13.3/bson-2.13.3.jar
2016-10-21 18:25:49,387 [Worker-17] INFO  o.e.m.c.i.embedder.EclipseLogger - Using 'UTF-8' encoding to copy filtered resources.
2016-10-21 18:25:49,389 [Worker-17] INFO  o.e.m.c.i.embedder.EclipseLogger - Copying 0 resource
2016-10-21 18:25:49,396 [Worker-17] INFO  o.e.m.c.i.embedder.EclipseLogger - Using 'UTF-8' encoding to copy filtered resources.
2016-10-21 18:25:49,397 [Worker-17] INFO  o.e.m.c.i.embedder.EclipseLogger - skip non existing resourceDirectory /home/bharat/workspace/Firstmaven/src/test/resources
2016-10-21 18:25:49,399 [Worker-17] INFO  o.e.m.w.i.f.ResourceFilteringBuildParticipant - Changed resources require a complete clean of filtered resources of Firstmaven
2016-10-21 18:25:49,400 [Worker-17] INFO  o.e.m.w.i.f.ResourceFilteringBuildParticipant - Executing resource filtering for Firstmaven
2016-10-21 18:25:49,411 [Worker-17] INFO  o.e.m.c.i.embedder.EclipseLogger - Using 'UTF-8' encoding to copy filtered resources.
2016-10-21 18:25:50,813 [Worker-0] INFO  o.e.m.c.i.embedder.EclipseLogger - Using 'UTF-8' encoding to copy filtered resources.
2016-10-21 18:25:50,815 [Worker-0] INFO  o.e.m.c.i.embedder.EclipseLogger - Copying 0 resource
2016-10-21 18:25:50,816 [Worker-0] INFO  o.e.m.c.i.embedder.EclipseLogger - Using 'UTF-8' encoding to copy filtered resources.
2016-10-21 18:25:50,816 [Worker-0] INFO  o.e.m.c.i.embedder.EclipseLogger - skip non existing resourceDirectory /home/bharat/workspace/Firstmaven/src/test/resources
2016-10-21 18:26:30,746 [Worker-7] INFO  o.e.m.c.i.embedder.EclipseLogger - Using 'UTF-8' encoding to copy filtered resources.
2016-10-21 18:26:30,755 [Worker-7] INFO  o.e.m.c.i.embedder.EclipseLogger - Copying 0 resource
2016-10-21 18:26:30,758 [Worker-7] INFO  o.e.m.c.i.embedder.EclipseLogger - Using 'UTF-8' encoding to copy filtered resources.
2016-10-21 18:26:30,759 [Worker-7] INFO  o.e.m.c.i.embedder.EclipseLogger - skip non existing resourceDirectory /home/bharat/workspace/Firstmaven/src/test/resources
2016-10-21 18:27:30,098 [Worker-16] INFO  o.e.m.c.i.l.LifecycleMappingFactory - Using org.maven.ide.eclipse.wtp.WarLifecycleMapping lifecycle mapping for MavenProject: com.bharatvision.saini:Firstmaven:0.0.1-SNAPSHOT @ /home/bharat/workspace/Firstmaven/pom.xml.
2016-10-21 18:27:30,873 [Worker-16] INFO  o.e.m.c.i.embedder.EclipseLogger - Using 'UTF-8' encoding to copy filtered resources.
2016-10-21 18:27:30,877 [Worker-16] INFO  o.e.m.c.i.embedder.EclipseLogger - Copying 0 resource
2016-10-21 18:27:30,879 [Worker-16] INFO  o.e.m.c.i.embedder.EclipseLogger - Using 'UTF-8' encoding to copy filtered resources.
2016-10-21 18:27:30,879 [Worker-16] INFO  o.e.m.c.i.embedder.EclipseLogger - skip non existing resourceDirectory /home/bharat/workspace/Firstmaven/src/test/resources
2016-10-21 18:27:30,881 [Worker-16] INFO  o.e.m.w.i.f.ResourceFilteringBuildParticipant - Changed resources require a complete clean of filtered resources of Firstmaven
2016-10-21 18:27:30,881 [Worker-16] INFO  o.e.m.w.i.f.ResourceFilteringBuildParticipant - Executing resource filtering for Firstmaven
2016-10-21 18:27:30,887 [Worker-16] INFO  o.e.m.c.i.embedder.EclipseLogger - Using 'UTF-8' encoding to copy filtered resources.
2016-10-21 18:44:46,953 [Worker-23] INFO  o.e.m.c.i.embedder.EclipseLogger - Using 'UTF-8' encoding to copy filtered resources.
2016-10-21 18:44:46,956 [Worker-23] INFO  o.e.m.c.i.embedder.EclipseLogger - Copying 0 resource
2016-10-21 18:44:46,957 [Worker-23] INFO  o.e.m.c.i.embedder.EclipseLogger - Using 'UTF-8' encoding to copy filtered resources.
2016-10-21 18:44:46,958 [Worker-23] INFO  o.e.m.c.i.embedder.EclipseLogger - skip non existing resourceDirectory /home/bharat/workspace/Firstmaven/src/test/resources
2016-10-21 18:52:21,486 [Worker-6] INFO  o.e.m.c.i.embedder.EclipseLogger - Using 'UTF-8' encoding to copy filtered resources.
2016-10-21 18:52:21,487 [Worker-6] INFO  o.e.m.c.i.embedder.EclipseLogger - Copying 0 resource
2016-10-21 18:52:21,489 [Worker-6] INFO  o.e.m.c.i.embedder.EclipseLogger - Using 'UTF-8' encoding to copy filtered resources.
2016-10-21 18:52:21,489 [Worker-6] INFO  o.e.m.c.i.embedder.EclipseLogger - skip non existing resourceDirectory /home/bharat/workspace/Firstmaven/src/test/resources
2016-10-21 18:53:47,834 [Worker-23] INFO  o.e.m.c.i.embedder.EclipseLogger - Using 'UTF-8' encoding to copy filtered resources.
2016-10-21 18:53:47,837 [Worker-23] INFO  o.e.m.c.i.embedder.EclipseLogger - Copying 0 resource
2016-10-21 18:53:47,840 [Worker-23] INFO  o.e.m.c.i.embedder.EclipseLogger - Using 'UTF-8' encoding to copy filtered resources.
2016-10-21 18:53:47,840 [Worker-23] INFO  o.e.m.c.i.embedder.EclipseLogger - skip non existing resourceDirectory /home/bharat/workspace/Firstmaven/src/test/resources
2016-10-21 18:54:33,305 [Worker-28] INFO  o.e.m.c.i.embedder.EclipseLogger - Using 'UTF-8' encoding to copy filtered resources.
2016-10-21 18:54:33,306 [Worker-28] INFO  o.e.m.c.i.embedder.EclipseLogger - Copying 0 resource
2016-10-21 18:54:33,307 [Worker-28] INFO  o.e.m.c.i.embedder.EclipseLogger - Using 'UTF-8' encoding to copy filtered resources.
2016-10-21 18:54:33,307 [Worker-28] INFO  o.e.m.c.i.embedder.EclipseLogger - skip non existing resourceDirectory /home/bharat/workspace/Firstmaven/src/test/resources
2016-10-21 18:55:08,010 [Worker-25] INFO  o.e.m.c.i.embedder.EclipseLogger - Using 'UTF-8' encoding to copy filtered resources.
2016-10-21 18:55:08,011 [Worker-25] INFO  o.e.m.c.i.embedder.EclipseLogger - Copying 0 resource
2016-10-21 18:55:08,012 [Worker-25] INFO  o.e.m.c.i.embedder.EclipseLogger - Using 'UTF-8' encoding to copy filtered resources.
2016-10-21 18:55:08,012 [Worker-25] INFO  o.e.m.c.i.embedder.EclipseLogger - skip non existing resourceDirectory /home/bharat/workspace/Firstmaven/src/test/resources
2016-10-21 19:08:05,255 [Worker-6] INFO  o.e.m.c.i.embedder.EclipseLogger - Using 'UTF-8' encoding to copy filtered resources.
2016-10-21 19:08:05,255 [Worker-6] INFO  o.e.m.c.i.embedder.EclipseLogger - Copying 0 resource
2016-10-21 19:08:05,256 [Worker-6] INFO  o.e.m.c.i.embedder.EclipseLogger - Using 'UTF-8' encoding to copy filtered resources.
2016-10-21 19:08:05,256 [Worker-6] INFO  o.e.m.c.i.embedder.EclipseLogger - skip non existing resourceDirectory /home/bharat/workspace/Firstmaven/src/test/resources
2016-10-21 19:11:08,900 [Worker-31] INFO  o.e.m.c.i.embedder.EclipseLogger - Using 'UTF-8' encoding to copy filtered resources.
2016-10-21 19:11:08,901 [Worker-31] INFO  o.e.m.c.i.embedder.EclipseLogger - Copying 0 resource
2016-10-21 19:11:08,902 [Worker-31] INFO  o.e.m.c.i.embedder.EclipseLogger - Using 'UTF-8' encoding to copy filtered resources.
2016-10-21 19:11:08,903 [Worker-31] INFO  o.e.m.c.i.embedder.EclipseLogger - skip non existing resourceDirectory /home/bharat/workspace/Firstmaven/src/test/resources
2016-10-21 19:13:45,176 [Worker-35] INFO  o.e.m.c.i.embedder.EclipseLogger - Using 'UTF-8' encoding to copy filtered resources.
2016-10-21 19:13:45,177 [Worker-35] INFO  o.e.m.c.i.embedder.EclipseLogger - Copying 0 resource
2016-10-21 19:13:45,180 [Worker-35] INFO  o.e.m.c.i.embedder.EclipseLogger - Using 'UTF-8' encoding to copy filtered resources.
2016-10-21 19:13:45,180 [Worker-35] INFO  o.e.m.c.i.embedder.EclipseLogger - skip non existing resourceDirectory /home/bharat/workspace/Firstmaven/src/test/resources
2016-10-21 19:19:36,982 [Worker-37] INFO  o.e.m.c.i.embedder.EclipseLogger - Using 'UTF-8' encoding to copy filtered resources.
2016-10-21 19:19:36,982 [Worker-37] INFO  o.e.m.c.i.embedder.EclipseLogger - Copying 0 resource
2016-10-21 19:19:36,983 [Worker-37] INFO  o.e.m.c.i.embedder.EclipseLogger - Using 'UTF-8' encoding to copy filtered resources.
2016-10-21 19:19:36,983 [Worker-37] INFO  o.e.m.c.i.embedder.EclipseLogger - skip non existing resourceDirectory /home/bharat/workspace/Firstmaven/src/test/resources
2016-10-21 19:19:58,133 [Worker-38] INFO  o.e.m.c.i.embedder.EclipseLogger - Using 'UTF-8' encoding to copy filtered resources.
2016-10-21 19:19:58,134 [Worker-38] INFO  o.e.m.c.i.embedder.EclipseLogger - Copying 0 resource
2016-10-21 19:19:58,135 [Worker-38] INFO  o.e.m.c.i.embedder.EclipseLogger - Using 'UTF-8' encoding to copy filtered resources.
2016-10-21 19:19:58,136 [Worker-38] INFO  o.e.m.c.i.embedder.EclipseLogger - skip non existing resourceDirectory /home/bharat/workspace/Firstmaven/src/test/resources
2016-10-21 19:22:06,862 [Worker-37] INFO  o.e.m.c.i.embedder.EclipseLogger - Using 'UTF-8' encoding to copy filtered resources.
2016-10-21 19:22:06,863 [Worker-37] INFO  o.e.m.c.i.embedder.EclipseLogger - Copying 0 resource
2016-10-21 19:22:06,864 [Worker-37] INFO  o.e.m.c.i.embedder.EclipseLogger - Using 'UTF-8' encoding to copy filtered resources.
2016-10-21 19:22:06,864 [Worker-37] INFO  o.e.m.c.i.embedder.EclipseLogger - skip non existing resourceDirectory /home/bharat/workspace/Firstmaven/src/test/resources
2016-10-21 19:36:19,203 [Worker-40] INFO  o.e.m.c.i.embedder.EclipseLogger - Using 'UTF-8' encoding to copy filtered resources.
2016-10-21 19:36:19,203 [Worker-40] INFO  o.e.m.c.i.embedder.EclipseLogger - Copying 0 resource
2016-10-21 19:36:19,204 [Worker-40] INFO  o.e.m.c.i.embedder.EclipseLogger - Using 'UTF-8' encoding to copy filtered resources.
2016-10-21 19:36:19,204 [Worker-40] INFO  o.e.m.c.i.embedder.EclipseLogger - skip non existing resourceDirectory /home/bharat/workspace/Firstmaven/src/test/resources
2016-10-21 19:36:53,832 [Worker-38] INFO  o.e.m.c.i.embedder.EclipseLogger - Using 'UTF-8' encoding to copy filtered resources.
2016-10-21 19:36:53,832 [Worker-38] INFO  o.e.m.c.i.embedder.EclipseLogger - Copying 0 resource
2016-10-21 19:36:53,834 [Worker-38] INFO  o.e.m.c.i.embedder.EclipseLogger - Using 'UTF-8' encoding to copy filtered resources.
2016-10-21 19:36:53,834 [Worker-38] INFO  o.e.m.c.i.embedder.EclipseLogger - skip non existing resourceDirectory /home/bharat/workspace/Firstmaven/src/test/resources
2016-10-21 19:41:51,364 [Worker-35] INFO  o.e.m.c.i.embedder.EclipseLogger - Using 'UTF-8' encoding to copy filtered resources.
2016-10-21 19:41:51,364 [Worker-35] INFO  o.e.m.c.i.embedder.EclipseLogger - Copying 0 resource
2016-10-21 19:41:51,365 [Worker-35] INFO  o.e.m.c.i.embedder.EclipseLogger - Using 'UTF-8' encoding to copy filtered resources.
2016-10-21 19:41:51,366 [Worker-35] INFO  o.e.m.c.i.embedder.EclipseLogger - skip non existing resourceDirectory /home/bharat/workspace/Firstmaven/src/test/resources
2016-10-21 19:46:50,941 [Worker-36] INFO  o.e.m.c.i.embedder.EclipseLogger - Using 'UTF-8' encoding to copy filtered resources.
2016-10-21 19:46:50,942 [Worker-36] INFO  o.e.m.c.i.embedder.EclipseLogger - Copying 0 resource
2016-10-21 19:46:50,945 [Worker-36] INFO  o.e.m.c.i.embedder.EclipseLogger - Using 'UTF-8' encoding to copy filtered resources.
2016-10-21 19:46:50,945 [Worker-36] INFO  o.e.m.c.i.embedder.EclipseLogger - skip non existing resourceDirectory /home/bharat/workspace/Firstmaven/src/test/resources
2016-10-21 19:48:14,020 [Worker-42] INFO  o.e.m.c.i.embedder.EclipseLogger - Using 'UTF-8' encoding to copy filtered resources.
2016-10-21 19:48:14,021 [Worker-42] INFO  o.e.m.c.i.embedder.EclipseLogger - Copying 0 resource
2016-10-21 19:48:14,023 [Worker-42] INFO  o.e.m.c.i.embedder.EclipseLogger - Using 'UTF-8' encoding to copy filtered resources.
2016-10-21 19:48:14,023 [Worker-42] INFO  o.e.m.c.i.embedder.EclipseLogger - skip non existing resourceDirectory /home/bharat/workspace/Firstmaven/src/test/resources
2016-10-21 19:48:52,638 [Worker-35] INFO  o.e.m.c.i.embedder.EclipseLogger - Using 'UTF-8' encoding to copy filtered resources.
2016-10-21 19:48:52,638 [Worker-35] INFO  o.e.m.c.i.embedder.EclipseLogger - Copying 0 resource
2016-10-21 19:48:52,640 [Worker-35] INFO  o.e.m.c.i.embedder.EclipseLogger - Using 'UTF-8' encoding to copy filtered resources.
2016-10-21 19:48:52,640 [Worker-35] INFO  o.e.m.c.i.embedder.EclipseLogger - skip non existing resourceDirectory /home/bharat/workspace/Firstmaven/src/test/resources
2016-10-21 19:54:27,933 [Worker-45] INFO  o.e.m.c.i.embedder.EclipseLogger - Using 'UTF-8' encoding to copy filtered resources.
2016-10-21 19:54:27,933 [Worker-45] INFO  o.e.m.c.i.embedder.EclipseLogger - Copying 0 resource
2016-10-21 19:54:27,935 [Worker-45] INFO  o.e.m.c.i.embedder.EclipseLogger - Using 'UTF-8' encoding to copy filtered resources.
2016-10-21 19:54:27,935 [Worker-45] INFO  o.e.m.c.i.embedder.EclipseLogger - skip non existing resourceDirectory /home/bharat/workspace/Firstmaven/src/test/resources
2016-10-21 22:56:02,651 [Worker-50] INFO  o.e.m.c.i.embedder.EclipseLogger - Using 'UTF-8' encoding to copy filtered resources.
2016-10-21 22:56:02,652 [Worker-50] INFO  o.e.m.c.i.embedder.EclipseLogger - Copying 0 resource
2016-10-21 22:56:02,653 [Worker-50] INFO  o.e.m.c.i.embedder.EclipseLogger - Using 'UTF-8' encoding to copy filtered resources.
2016-10-21 22:56:02,653 [Worker-50] INFO  o.e.m.c.i.embedder.EclipseLogger - skip non existing resourceDirectory /home/bharat/workspace/Firstmaven/src/test/resources
2016-10-21 22:58:06,496 [Worker-35] INFO  o.e.m.c.i.embedder.EclipseLogger - Using 'UTF-8' encoding to copy filtered resources.
2016-10-21 22:58:06,497 [Worker-35] INFO  o.e.m.c.i.embedder.EclipseLogger - Copying 0 resource
2016-10-21 22:58:06,499 [Worker-35] INFO  o.e.m.c.i.embedder.EclipseLogger - Using 'UTF-8' encoding to copy filtered resources.
2016-10-21 22:58:06,499 [Worker-35] INFO  o.e.m.c.i.embedder.EclipseLogger - skip non existing resourceDirectory /home/bharat/workspace/Firstmaven/src/test/resources
2016-10-21 23:00:29,334 [Worker-46] INFO  o.e.m.c.i.embedder.EclipseLogger - Using 'UTF-8' encoding to copy filtered resources.
2016-10-21 23:00:29,335 [Worker-46] INFO  o.e.m.c.i.embedder.EclipseLogger - Copying 0 resource
2016-10-21 23:00:29,336 [Worker-46] INFO  o.e.m.c.i.embedder.EclipseLogger - Using 'UTF-8' encoding to copy filtered resources.
2016-10-21 23:00:29,337 [Worker-46] INFO  o.e.m.c.i.embedder.EclipseLogger - skip non existing resourceDirectory /home/bharat/workspace/Firstmaven/src/test/resources
2016-10-21 23:00:41,189 [Worker-46] INFO  o.e.m.c.i.embedder.EclipseLogger - Using 'UTF-8' encoding to copy filtered resources.
2016-10-21 23:00:41,189 [Worker-46] INFO  o.e.m.c.i.embedder.EclipseLogger - Copying 0 resource
2016-10-21 23:00:41,190 [Worker-46] INFO  o.e.m.c.i.embedder.EclipseLogger - Using 'UTF-8' encoding to copy filtered resources.
2016-10-21 23:00:41,190 [Worker-46] INFO  o.e.m.c.i.embedder.EclipseLogger - skip non existing resourceDirectory /home/bharat/workspace/Firstmaven/src/test/resources
2016-10-21 23:00:52,831 [Worker-53] INFO  o.e.m.c.i.embedder.EclipseLogger - Using 'UTF-8' encoding to copy filtered resources.
2016-10-21 23:00:52,832 [Worker-53] INFO  o.e.m.c.i.embedder.EclipseLogger - Copying 0 resource
2016-10-21 23:00:52,832 [Worker-53] INFO  o.e.m.c.i.embedder.EclipseLogger - Using 'UTF-8' encoding to copy filtered resources.
2016-10-21 23:00:52,832 [Worker-53] INFO  o.e.m.c.i.embedder.EclipseLogger - skip non existing resourceDirectory /home/bharat/workspace/Firstmaven/src/test/resources
2016-10-21 23:01:24,653 [Worker-54] INFO  o.e.m.c.i.embedder.EclipseLogger - Using 'UTF-8' encoding to copy filtered resources.
2016-10-21 23:01:24,654 [Worker-54] INFO  o.e.m.c.i.embedder.EclipseLogger - Copying 0 resource
2016-10-21 23:01:24,654 [Worker-54] INFO  o.e.m.c.i.embedder.EclipseLogger - Using 'UTF-8' encoding to copy filtered resources.
2016-10-21 23:01:24,654 [Worker-54] INFO  o.e.m.c.i.embedder.EclipseLogger - skip non existing resourceDirectory /home/bharat/workspace/Firstmaven/src/test/resources
2016-10-21 23:03:44,139 [Worker-54] INFO  o.e.m.c.i.embedder.EclipseLogger - Using 'UTF-8' encoding to copy filtered resources.
2016-10-21 23:03:44,140 [Worker-54] INFO  o.e.m.c.i.embedder.EclipseLogger - Copying 0 resource
2016-10-21 23:03:44,142 [Worker-54] INFO  o.e.m.c.i.embedder.EclipseLogger - Using 'UTF-8' encoding to copy filtered resources.
2016-10-21 23:03:44,142 [Worker-54] INFO  o.e.m.c.i.embedder.EclipseLogger - skip non existing resourceDirectory /home/bharat/workspace/Firstmaven/src/test/resources
2016-10-21 23:04:52,407 [Worker-46] INFO  o.e.m.c.i.embedder.EclipseLogger - Using 'UTF-8' encoding to copy filtered resources.
2016-10-21 23:04:52,408 [Worker-46] INFO  o.e.m.c.i.embedder.EclipseLogger - Copying 0 resource
2016-10-21 23:04:52,408 [Worker-46] INFO  o.e.m.c.i.embedder.EclipseLogger - Using 'UTF-8' encoding to copy filtered resources.
2016-10-21 23:04:52,408 [Worker-46] INFO  o.e.m.c.i.embedder.EclipseLogger - skip non existing resourceDirectory /home/bharat/workspace/Firstmaven/src/test/resources
2016-10-21 23:08:38,740 [Worker-55] INFO  o.e.m.c.i.embedder.EclipseLogger - Using 'UTF-8' encoding to copy filtered resources.
2016-10-21 23:08:38,740 [Worker-55] INFO  o.e.m.c.i.embedder.EclipseLogger - Copying 0 resource
2016-10-21 23:08:38,741 [Worker-55] INFO  o.e.m.c.i.embedder.EclipseLogger - Using 'UTF-8' encoding to copy filtered resources.
2016-10-21 23:08:38,741 [Worker-55] INFO  o.e.m.c.i.embedder.EclipseLogger - skip non existing resourceDirectory /home/bharat/workspace/Firstmaven/src/test/resources
2016-10-21 23:10:59,832 [Worker-51] INFO  o.e.m.c.i.embedder.EclipseLogger - Using 'UTF-8' encoding to copy filtered resources.
2016-10-21 23:10:59,832 [Worker-51] INFO  o.e.m.c.i.embedder.EclipseLogger - Copying 0 resource
2016-10-21 23:10:59,833 [Worker-51] INFO  o.e.m.c.i.embedder.EclipseLogger - Using 'UTF-8' encoding to copy filtered resources.
2016-10-21 23:10:59,833 [Worker-51] INFO  o.e.m.c.i.embedder.EclipseLogger - skip non existing resourceDirectory /home/bharat/workspace/Firstmaven/src/test/resources
2016-10-21 23:12:56,519 [Worker-60] INFO  o.e.m.c.i.embedder.EclipseLogger - Using 'UTF-8' encoding to copy filtered resources.
2016-10-21 23:12:56,520 [Worker-60] INFO  o.e.m.c.i.embedder.EclipseLogger - Copying 0 resource
2016-10-21 23:12:56,522 [Worker-60] INFO  o.e.m.c.i.embedder.EclipseLogger - Using 'UTF-8' encoding to copy filtered resources.
2016-10-21 23:12:56,522 [Worker-60] INFO  o.e.m.c.i.embedder.EclipseLogger - skip non existing resourceDirectory /home/bharat/workspace/Firstmaven/src/test/resources
2016-10-21 23:23:59,009 [Worker-67] INFO  o.e.m.c.i.embedder.EclipseLogger - Using 'UTF-8' encoding to copy filtered resources.
2016-10-21 23:23:59,009 [Worker-67] INFO  o.e.m.c.i.embedder.EclipseLogger - Copying 0 resource
2016-10-21 23:23:59,011 [Worker-67] INFO  o.e.m.c.i.embedder.EclipseLogger - Using 'UTF-8' encoding to copy filtered resources.
2016-10-21 23:23:59,011 [Worker-67] INFO  o.e.m.c.i.embedder.EclipseLogger - skip non existing resourceDirectory /home/bharat/workspace/Firstmaven/src/test/resources
2016-10-21 23:24:24,071 [Worker-70] INFO  o.e.m.c.i.embedder.EclipseLogger - Using 'UTF-8' encoding to copy filtered resources.
2016-10-21 23:24:24,072 [Worker-70] INFO  o.e.m.c.i.embedder.EclipseLogger - Copying 0 resource
2016-10-21 23:24:24,073 [Worker-70] INFO  o.e.m.c.i.embedder.EclipseLogger - Using 'UTF-8' encoding to copy filtered resources.
2016-10-21 23:24:24,073 [Worker-70] INFO  o.e.m.c.i.embedder.EclipseLogger - skip non existing resourceDirectory /home/bharat/workspace/Firstmaven/src/test/resources
2016-10-21 23:26:31,491 [Worker-71] INFO  o.e.m.c.i.embedder.EclipseLogger - Using 'UTF-8' encoding to copy filtered resources.
2016-10-21 23:26:31,492 [Worker-71] INFO  o.e.m.c.i.embedder.EclipseLogger - Copying 0 resource
2016-10-21 23:26:31,493 [Worker-71] INFO  o.e.m.c.i.embedder.EclipseLogger - Using 'UTF-8' encoding to copy filtered resources.
2016-10-21 23:26:31,493 [Worker-71] INFO  o.e.m.c.i.embedder.EclipseLogger - skip non existing resourceDirectory /home/bharat/workspace/Firstmaven/src/test/resources
2016-10-21 23:27:44,395 [Worker-67] INFO  o.e.m.c.i.embedder.EclipseLogger - Using 'UTF-8' encoding to copy filtered resources.
2016-10-21 23:27:44,395 [Worker-67] INFO  o.e.m.c.i.embedder.EclipseLogger - Copying 0 resource
2016-10-21 23:27:44,396 [Worker-67] INFO  o.e.m.c.i.embedder.EclipseLogger - Using 'UTF-8' encoding to copy filtered resources.
2016-10-21 23:27:44,396 [Worker-67] INFO  o.e.m.c.i.embedder.EclipseLogger - skip non existing resourceDirectory /home/bharat/workspace/Firstmaven/src/test/resources
2016-10-21 23:29:02,740 [Worker-71] INFO  o.e.m.c.i.embedder.EclipseLogger - Using 'UTF-8' encoding to copy filtered resources.
2016-10-21 23:29:02,740 [Worker-71] INFO  o.e.m.c.i.embedder.EclipseLogger - Copying 0 resource
2016-10-21 23:29:02,741 [Worker-71] INFO  o.e.m.c.i.embedder.EclipseLogger - Using 'UTF-8' encoding to copy filtered resources.
2016-10-21 23:29:02,742 [Worker-71] INFO  o.e.m.c.i.embedder.EclipseLogger - skip non existing resourceDirectory /home/bharat/workspace/Firstmaven/src/test/resources
2016-10-21 23:29:25,093 [Worker-67] INFO  o.e.m.c.i.embedder.EclipseLogger - Using 'UTF-8' encoding to copy filtered resources.
2016-10-21 23:29:25,094 [Worker-67] INFO  o.e.m.c.i.embedder.EclipseLogger - Copying 0 resource
2016-10-21 23:29:25,095 [Worker-67] INFO  o.e.m.c.i.embedder.EclipseLogger - Using 'UTF-8' encoding to copy filtered resources.
2016-10-21 23:29:25,096 [Worker-67] INFO  o.e.m.c.i.embedder.EclipseLogger - skip non existing resourceDirectory /home/bharat/workspace/Firstmaven/src/test/resources
2016-10-21 23:52:10,625 [Worker-79] ERROR o.e.m.c.u.i.w.MavenProjectWizardArchetypePage - Unable to read archetype catalog: http://repo1.maven.org/maven2/archetype-catalog.xml
java.lang.NullPointerException: null
	at org.eclipse.m2e.core.ui.internal.wizards.MavenProjectWizardArchetypePage.getArchetypesForCatalog(MavenProjectWizardArchetypePage.java:571) [org.eclipse.m2e.core.ui_1.6.2.20150902-0002.jar:na]
	at org.eclipse.m2e.core.ui.internal.wizards.MavenProjectWizardArchetypePage.getAllArchetypes(MavenProjectWizardArchetypePage.java:597) [org.eclipse.m2e.core.ui_1.6.2.20150902-0002.jar:na]
	at org.eclipse.m2e.core.ui.internal.wizards.MavenProjectWizardArchetypePage.getArchetypesForCatalog(MavenProjectWizardArchetypePage.java:562) [org.eclipse.m2e.core.ui_1.6.2.20150902-0002.jar:na]
	at org.eclipse.m2e.core.ui.internal.wizards.MavenProjectWizardArchetypePage$RetrievingArchetypesJob.run(MavenProjectWizardArchetypePage.java:1093) [org.eclipse.m2e.core.ui_1.6.2.20150902-0002.jar:na]
	at org.eclipse.core.internal.jobs.Worker.run(Worker.java:55) [org.eclipse.core.jobs_3.7.0.v20150330-2103.jar:na]
2016-10-21 23:52:21,745 [Worker-78] ERROR o.e.m.c.u.i.w.MavenProjectWizardArchetypePage - Unable to read archetype catalog: http://repo1.maven.org/maven2/archetype-catalog.xml
java.lang.NullPointerException: null
	at org.eclipse.m2e.core.ui.internal.wizards.MavenProjectWizardArchetypePage.getArchetypesForCatalog(MavenProjectWizardArchetypePage.java:571) [org.eclipse.m2e.core.ui_1.6.2.20150902-0002.jar:na]
	at org.eclipse.m2e.core.ui.internal.wizards.MavenProjectWizardArchetypePage.getAllArchetypes(MavenProjectWizardArchetypePage.java:597) [org.eclipse.m2e.core.ui_1.6.2.20150902-0002.jar:na]
	at org.eclipse.m2e.core.ui.internal.wizards.MavenProjectWizardArchetypePage.getArchetypesForCatalog(MavenProjectWizardArchetypePage.java:562) [org.eclipse.m2e.core.ui_1.6.2.20150902-0002.jar:na]
	at org.eclipse.m2e.core.ui.internal.wizards.MavenProjectWizardArchetypePage$RetrievingArchetypesJob.run(MavenProjectWizardArchetypePage.java:1093) [org.eclipse.m2e.core.ui_1.6.2.20150902-0002.jar:na]
	at org.eclipse.core.internal.jobs.Worker.run(Worker.java:55) [org.eclipse.core.jobs_3.7.0.v20150330-2103.jar:na]
2016-10-21 23:53:03,848 [Worker-77] INFO  o.e.m.c.i.e.AbstractTransferListenerAdapter - Downloading https://repo.maven.apache.org/maven2/org/glassfish/jersey/core/jersey-common/2.23.2/jersey-common-2.23.2-sources.jar
2016-10-21 23:53:10,290 [Worker-77] INFO  o.e.m.c.i.e.AbstractTransferListenerAdapter - Downloaded https://repo.maven.apache.org/maven2/org/glassfish/jersey/core/jersey-common/2.23.2/jersey-common-2.23.2-sources.jar
2016-10-21 23:53:10,507 [Worker-77] INFO  o.e.m.j.internal.DownloadSourcesJob - Downloaded sources for org.glassfish.jersey.core:jersey-common:2.23.2
2016-10-21 23:53:10,743 [Worker-77] INFO  o.e.m.c.i.embedder.EclipseLogger - Using 'UTF-8' encoding to copy filtered resources.
2016-10-21 23:53:10,744 [Worker-77] INFO  o.e.m.c.i.embedder.EclipseLogger - Copying 0 resource
2016-10-21 23:53:10,745 [Worker-77] INFO  o.e.m.c.i.embedder.EclipseLogger - Using 'UTF-8' encoding to copy filtered resources.
2016-10-21 23:53:10,745 [Worker-77] INFO  o.e.m.c.i.embedder.EclipseLogger - skip non existing resourceDirectory /home/bharat/workspace/Firstmaven/src/test/resources
2016-10-21 23:53:26,248 [Worker-78] INFO  o.e.m.c.i.e.AbstractTransferListenerAdapter - Downloading https://repo.maven.apache.org/maven2/org/glassfish/jersey/core/jersey-server/2.23.2/jersey-server-2.23.2-sources.jar
2016-10-21 23:53:34,757 [Worker-78] INFO  o.e.m.c.i.e.AbstractTransferListenerAdapter - Downloaded https://repo.maven.apache.org/maven2/org/glassfish/jersey/core/jersey-server/2.23.2/jersey-server-2.23.2-sources.jar
2016-10-21 23:53:34,908 [Worker-78] INFO  o.e.m.j.internal.DownloadSourcesJob - Downloaded sources for org.glassfish.jersey.core:jersey-server:2.23.2
2016-10-21 23:53:35,110 [Worker-79] INFO  o.e.m.c.i.embedder.EclipseLogger - Using 'UTF-8' encoding to copy filtered resources.
2016-10-21 23:53:35,110 [Worker-79] INFO  o.e.m.c.i.embedder.EclipseLogger - Copying 0 resource
2016-10-21 23:53:35,121 [Worker-79] INFO  o.e.m.c.i.embedder.EclipseLogger - Using 'UTF-8' encoding to copy filtered resources.
2016-10-21 23:53:35,122 [Worker-79] INFO  o.e.m.c.i.embedder.EclipseLogger - skip non existing resourceDirectory /home/bharat/workspace/Firstmaven/src/test/resources
2016-10-21 23:55:37,131 [Worker-78] INFO  o.e.m.c.i.embedder.EclipseLogger - Using 'UTF-8' encoding to copy filtered resources.
2016-10-21 23:55:37,131 [Worker-78] INFO  o.e.m.c.i.embedder.EclipseLogger - Copying 0 resource
2016-10-21 23:55:37,133 [Worker-78] INFO  o.e.m.c.i.embedder.EclipseLogger - Using 'UTF-8' encoding to copy filtered resources.
2016-10-21 23:55:37,133 [Worker-78] INFO  o.e.m.c.i.embedder.EclipseLogger - skip non existing resourceDirectory /home/bharat/workspace/Firstmaven/src/test/resources
2016-10-22 00:00:28,320 [Worker-77] INFO  o.e.m.c.i.embedder.EclipseLogger - Using 'UTF-8' encoding to copy filtered resources.
2016-10-22 00:00:28,320 [Worker-77] INFO  o.e.m.c.i.embedder.EclipseLogger - Copying 0 resource
2016-10-22 00:00:28,322 [Worker-77] INFO  o.e.m.c.i.embedder.EclipseLogger - Using 'UTF-8' encoding to copy filtered resources.
2016-10-22 00:00:28,323 [Worker-77] INFO  o.e.m.c.i.embedder.EclipseLogger - skip non existing resourceDirectory /home/bharat/workspace/Firstmaven/src/test/resources
2016-10-22 00:02:03,241 [Worker-77] INFO  o.e.m.c.i.embedder.EclipseLogger - Using 'UTF-8' encoding to copy filtered resources.
2016-10-22 00:02:03,242 [Worker-77] INFO  o.e.m.c.i.embedder.EclipseLogger - Copying 0 resource
2016-10-22 00:02:03,243 [Worker-77] INFO  o.e.m.c.i.embedder.EclipseLogger - Using 'UTF-8' encoding to copy filtered resources.
2016-10-22 00:02:03,243 [Worker-77] INFO  o.e.m.c.i.embedder.EclipseLogger - skip non existing resourceDirectory /home/bharat/workspace/Firstmaven/src/test/resources
2016-10-22 00:02:22,235 [Worker-89] INFO  o.e.m.c.i.embedder.EclipseLogger - Using 'UTF-8' encoding to copy filtered resources.
2016-10-22 00:02:22,236 [Worker-89] INFO  o.e.m.c.i.embedder.EclipseLogger - Copying 0 resource
2016-10-22 00:02:22,238 [Worker-89] INFO  o.e.m.c.i.embedder.EclipseLogger - Using 'UTF-8' encoding to copy filtered resources.
2016-10-22 00:02:22,238 [Worker-89] INFO  o.e.m.c.i.embedder.EclipseLogger - skip non existing resourceDirectory /home/bharat/workspace/Firstmaven/src/test/resources
2016-10-22 00:04:46,954 [Worker-88] INFO  o.e.m.c.i.embedder.EclipseLogger - Using 'UTF-8' encoding to copy filtered resources.
2016-10-22 00:04:46,955 [Worker-88] INFO  o.e.m.c.i.embedder.EclipseLogger - Copying 0 resource
2016-10-22 00:04:46,955 [Worker-88] INFO  o.e.m.c.i.embedder.EclipseLogger - Using 'UTF-8' encoding to copy filtered resources.
2016-10-22 00:04:46,956 [Worker-88] INFO  o.e.m.c.i.embedder.EclipseLogger - skip non existing resourceDirectory /home/bharat/workspace/Firstmaven/src/test/resources
